Got a presubmit token from server: 4e2d9a3ad1d36332ef2eb873540ef943
Uploaded crash dump: Crash ID: MTOU-LIFU-DQPX
Got a presubmit token from server: 4e2d9a3ad1d36332ef2eb873540ef943
Uploaded crash dump: Crash ID: MFNO-23PH-CXJU
Got a presubmit token from server: 4e2d9a3ad1d36332ef2eb873540ef943
Uploaded crash dump: Crash ID: Q2NX-APSB-BCSE
Got a presubmit token from server: 4e2d9a3ad1d36332ef2eb873540ef943
Uploaded crash dump: Crash ID: LPRO-ZKEQ-K2SO
Got a presubmit token from server: 4e2d9a3ad1d36332ef2eb873540ef943
Uploaded crash dump: Crash ID: KKII-B7ZV-EN2M
Got a presubmit token from server: 4e2d9a3ad1d36332ef2eb873540ef943
Uploaded crash dump: Crash ID: TMX2-JYA4-BRGW
Got a presubmit token from server: 4e2d9a3ad1d36332ef2eb873540ef943
Uploaded crash dump: Crash ID: ANHX-ZFHU-NIU5
Got a presubmit token from server: 4e2d9a3ad1d36332ef2eb873540ef943
Uploaded crash dump: Crash ID: GOY6-3DQG-U46E
Got a presubmit token from server: 4e2d9a3ad1d36332ef2eb873540ef943
Uploaded crash dump: Crash ID: JVNF-V3JZ-ABRP
Got a presubmit token from server: 4e2d9a3ad1d36332ef2eb873540ef943
Uploaded crash dump: Crash ID: KA2U-T7PA-UAOZ
Got a presubmit token from server: 4e2d9a3ad1d36332ef2eb873540ef943
Uploaded crash dump: Crash ID: R7NR-HUNY-WNRG
Got a presubmit token from server: 4e2d9a3ad1d36332ef2eb873540ef943
Uploaded crash dump: Crash ID: YT3S-277C-AXOS
Got a presubmit token from server: 4e2d9a3ad1d36332ef2eb873540ef943
Uploaded crash dump: Crash ID: JHRC-TI2J-VL2E
Got a presubmit token from server: 4e2d9a3ad1d36332ef2eb873540ef943
Uploaded crash dump: Crash ID: PYEH-OGKT-U6YC
Got a presubmit token from server: 4e2d9a3ad1d36332ef2eb873540ef943
Uploaded crash dump: Crash ID: XLSV-7BPU-YYY4
Got a presubmit token from server: 4e2d9a3ad1d36332ef2eb873540ef943
Uploaded crash dump: Crash ID: 46PM-C6SE-FHRI
Got a presubmit token from server: 4e2d9a3ad1d36332ef2eb873540ef943
Uploaded crash dump: Crash ID: 6BDJ-4HJ3-PGXG
Got a presubmit token from server: 4e2d9a3ad1d36332ef2eb873540ef943
Uploaded crash dump: Crash ID: TKNS-NT76-JVDP
Got a presubmit token from server: 4e2d9a3ad1d36332ef2eb873540ef943
Uploaded crash dump: Crash ID: WT42-ZMKG-O7AV
Got a presubmit token from server: 4e2d9a3ad1d36332ef2eb873540ef943
Uploaded crash dump: Crash ID: TOAS-TJJQ-FPDH
Got a presubmit token from server: 4e2d9a3ad1d36332ef2eb873540ef943
Uploaded crash dump: Crash ID: WQ5K-EJZ6-UAHL
Got a presubmit token from server: 4e2d9a3ad1d36332ef2eb873540ef943
Uploaded crash dump: Crash ID: T45C-T3GG-OTDE
Got a presubmit token from server: 4e2d9a3ad1d36332ef2eb873540ef943
Uploaded crash dump: Crash ID: UHP4-VSAZ-LXJE
Got a presubmit token from server: 4e2d9a3ad1d36332ef2eb873540ef943
Uploaded crash dump: Crash ID: 5XCD-OKVD-NJPW
Got a presubmit token from server: 4e2d9a3ad1d36332ef2eb873540ef943
Uploaded crash dump: Crash ID: IURR-RVKS-ST3M
Got a presubmit token from server: 4e2d9a3ad1d36332ef2eb873540ef943
Uploaded crash dump: Crash ID: QROX-476S-D2J7
Got a presubmit token from server: 4e2d9a3ad1d36332ef2eb873540ef943
Uploaded crash dump: Crash ID: BTDS-FPSY-2J6K
Presubmit failed: couldn't connect to host (7)
Failed to upload crash dump: couldn't connect to host (7)
Got a presubmit token from server: 4e2d9a3ad1d36332ef2eb873540ef943
Uploaded crash dump: Crash ID: AXPI-K744-XCDV
Got a presubmit token from server: 4e2d9a3ad1d36332ef2eb873540ef943
Uploaded crash dump: Crash ID: XM6D-GE63-4Z4M
Got a presubmit token from server: 4e2d9a3ad1d36332ef2eb873540ef943
Uploaded crash dump: Crash ID: L4XN-IDXZ-RZJ5
Got a presubmit token from server: 4e2d9a3ad1d36332ef2eb873540ef943
Uploaded crash dump: Crash ID: NPPE-CIJS-MPTY
Got a presubmit token from server: 4e2d9a3ad1d36332ef2eb873540ef943
Uploaded crash dump: Crash ID: 5URE-EXKB-2GNC
Got a presubmit token from server: 4e2d9a3ad1d36332ef2eb873540ef943
Uploaded crash dump: Crash ID: CDRK-SYUW-KOSV
Got a presubmit token from server: 4e2d9a3ad1d36332ef2eb873540ef943
Uploaded crash dump: Crash ID: I2P6-GTNL-26KQ
Got a presubmit token from server: 4e2d9a3ad1d36332ef2eb873540ef943
Uploaded crash dump: Crash ID: 33A5-CHAB-ZRFP
Got a presubmit token from server: 4e2d9a3ad1d36332ef2eb873540ef943
Uploaded crash dump: Crash ID: KS6X-7K2D-MNLS
Got a presubmit token from server: 4e2d9a3ad1d36332ef2eb873540ef943
Uploaded crash dump: Crash ID: ULAZ-FYRK-HA65
Got a presubmit token from server: 4e2d9a3ad1d36332ef2eb873540ef943
Uploaded crash dump: Crash ID: KCIV-T35Q-IN5C
Got a presubmit token from server: 4e2d9a3ad1d36332ef2eb873540ef943
Uploaded crash dump: Crash ID: KGAV-LOUN-XG6X
Got a presubmit token from server: 4e2d9a3ad1d36332ef2eb873540ef943
Uploaded crash dump: Crash ID: 5ZHQ-LA6B-BKVU
Got a presubmit token from server: 4e2d9a3ad1d36332ef2eb873540ef943
Uploaded crash dump: Crash ID: NIYH-D6ZK-GCCW
Got a presubmit token from server: 4e2d9a3ad1d36332ef2eb873540ef943
Uploaded crash dump: Crash ID: HN6Z-IYSB-LAN6
Got a presubmit token from server: 4e2d9a3ad1d36332ef2eb873540ef943
Uploaded crash dump: Crash ID: YGQV-M5RW-MX34
Got a presubmit token from server: 4e2d9a3ad1d36332ef2eb873540ef943
Uploaded crash dump: Crash ID: TESH-FIIO-4EG2
Got a presubmit token from server: 4e2d9a3ad1d36332ef2eb873540ef943
Uploaded crash dump: Crash ID: 7HGZ-W4IR-34CU
Got a presubmit token from server: 4e2d9a3ad1d36332ef2eb873540ef943
Uploaded crash dump: Crash ID: PDUV-IIDY-ITSZ
Got a presubmit token from server: 4e2d9a3ad1d36332ef2eb873540ef943
Uploaded crash dump: Crash ID: 74I6-JNJX-BEF7
Got a presubmit token from server: 4e2d9a3ad1d36332ef2eb873540ef943
Uploaded crash dump: Crash ID: CCGO-Q4OT-UHUW
Got a presubmit token from server: 4e2d9a3ad1d36332ef2eb873540ef943
Uploaded crash dump: Crash ID: 4YT6-G6KP-3KLH
Got a presubmit token from server: 4e2d9a3ad1d36332ef2eb873540ef943
Uploaded crash dump: Crash ID: JMYH-BPZW-WY4M
Got a presubmit token from server: 4e2d9a3ad1d36332ef2eb873540ef943
Uploaded crash dump: Crash ID: AC7Y-OR3J-5JIH
Got a presubmit token from server: 4e2d9a3ad1d36332ef2eb873540ef943
Uploaded crash dump: Crash ID: SIZR-CNAX-4HSI
Got a presubmit token from server: 4e2d9a3ad1d36332ef2eb873540ef943
Uploaded crash dump: Crash ID: INMB-C3QE-ENQC
Got a presubmit token from server: 4e2d9a3ad1d36332ef2eb873540ef943
Uploaded crash dump: Crash ID: 7FXL-RYFO-ZI7N
Got a presubmit token from server: 4e2d9a3ad1d36332ef2eb873540ef943
Uploaded crash dump: Crash ID: LHIR-OALR-OXYQ
Got a presubmit token from server: 4e2d9a3ad1d36332ef2eb873540ef943
Uploaded crash dump: Crash ID: 7UNB-NBUL-YM5O
Got a presubmit token from server: 4e2d9a3ad1d36332ef2eb873540ef943
Uploaded crash dump: Crash ID: 3L2V-MQLW-K77F
Got a presubmit token from server: 4e2d9a3ad1d36332ef2eb873540ef943
Uploaded crash dump: Crash ID: DU2Y-VSEK-AKOR
Got a presubmit token from server: 4e2d9a3ad1d36332ef2eb873540ef943
Uploaded crash dump: Crash ID: CMIA-AMUR-Z7SY
Got a presubmit token from server: 4e2d9a3ad1d36332ef2eb873540ef943
Uploaded crash dump: Crash ID: KO6J-NACU-BV7U
Got a presubmit token from server: 4e2d9a3ad1d36332ef2eb873540ef943
Uploaded crash dump: Crash ID: 5QL4-XMRV-4WH3
Got a presubmit token from server: 4e2d9a3ad1d36332ef2eb873540ef943
Uploaded crash dump: Crash ID: N7N6-T6F3-6OBE
Got a presubmit token from server: 4e2d9a3ad1d36332ef2eb873540ef943
Uploaded crash dump: Crash ID: GBMZ-KDS4-RJHG
Got a presubmit token from server: 4e2d9a3ad1d36332ef2eb873540ef943
Uploaded crash dump: Crash ID: RBNR-R4MJ-5QNN
Got a presubmit token from server: 4e2d9a3ad1d36332ef2eb873540ef943
Uploaded crash dump: Crash ID: NS75-KING-YS7V
Got a presubmit token from server: 4e2d9a3ad1d36332ef2eb873540ef943
Uploaded crash dump: Crash ID: SQ3F-GUB2-E4ON
