L 10/27/2019 - 18:05:35: SourceMod error session started
L 10/27/2019 - 18:05:35: Info (map "c2m1_highway") (file "errors_20191027.log")
L 10/27/2019 - 18:05:35: Error log file session closed.
L 10/27/2019 - 18:12:59: SourceMod error session started
L 10/27/2019 - 18:12:59: Info (map "c2m1_highway") (file "errors_20191027.log")
L 10/27/2019 - 18:12:59: [SM] Exception reported: Entity 1 (1) is invalid
L 10/27/2019 - 18:12:59: [SM] Blaming: l4d2_charger_getup_fix.smx
L 10/27/2019 - 18:12:59: [SM] Call stack trace:
L 10/27/2019 - 18:12:59: [SM]   [0] GetEntDataEnt2
L 10/27/2019 - 18:12:59: [SM]   [1] Line 89, C:\Users\Trevor_2\Desktop\scripting\l4d2_charger_getup_fix.sp::OnClientDisconnect
L 10/27/2019 - 18:12:59: [SM] Exception reported: Entity 1 (1) is invalid
L 10/27/2019 - 18:12:59: [SM] Blaming: l4d2_charger_getup_fix.smx
L 10/27/2019 - 18:12:59: [SM] Call stack trace:
L 10/27/2019 - 18:12:59: [SM]   [0] GetEntDataEnt2
L 10/27/2019 - 18:12:59: [SM]   [1] Line 115, C:\Users\Trevor_2\Desktop\scripting\l4d2_charger_getup_fix.sp::Event_PlayerTeam
L 10/27/2019 - 18:13:05: [SM] Exception reported: Entity 8 (8) is invalid
L 10/27/2019 - 18:13:05: [SM] Blaming: l4d2_charger_getup_fix.smx
L 10/27/2019 - 18:13:05: [SM] Call stack trace:
L 10/27/2019 - 18:13:05: [SM]   [0] GetEntDataEnt2
L 10/27/2019 - 18:13:05: [SM]   [1] Line 115, C:\Users\Trevor_2\Desktop\scripting\l4d2_charger_getup_fix.sp::Event_PlayerTeam
L 10/27/2019 - 18:21:40: [SM] Exception reported: Entity 11 (11) is invalid
L 10/27/2019 - 18:21:40: [SM] Blaming: l4d2_charger_getup_fix.smx
L 10/27/2019 - 18:21:40: [SM] Call stack trace:
L 10/27/2019 - 18:21:40: [SM]   [0] GetEntDataEnt2
L 10/27/2019 - 18:21:40: [SM]   [1] Line 115, C:\Users\Trevor_2\Desktop\scripting\l4d2_charger_getup_fix.sp::Event_PlayerTeam
L 10/27/2019 - 18:21:40: [SM] Exception reported: Client 9 is not in game
L 10/27/2019 - 18:21:40: [SM] Blaming: l4d2_charger_getup_fix.smx
L 10/27/2019 - 18:21:40: [SM] Call stack trace:
L 10/27/2019 - 18:21:40: [SM]   [0] GetClientTeam
L 10/27/2019 - 18:21:40: [SM]   [1] Line 79, C:\Users\Trevor_2\Desktop\scripting\l4d2_charger_getup_fix.sp::OnClientDisconnect
L 10/27/2019 - 18:21:40: [SM] Exception reported: Client 11 is not in game
L 10/27/2019 - 18:21:40: [SM] Blaming: l4d2_charger_getup_fix.smx
L 10/27/2019 - 18:21:40: [SM] Call stack trace:
L 10/27/2019 - 18:21:40: [SM]   [0] GetClientTeam
L 10/27/2019 - 18:21:40: [SM]   [1] Line 79, C:\Users\Trevor_2\Desktop\scripting\l4d2_charger_getup_fix.sp::OnClientDisconnect
L 10/27/2019 - 18:21:42: Error log file session closed.
L 10/27/2019 - 18:21:45: SourceMod error session started
L 10/27/2019 - 18:21:45: Info (map "c2m2_fairgrounds") (file "errors_20191027.log")
L 10/27/2019 - 18:21:45: [SM] Exception reported: Client 2 is not in game
L 10/27/2019 - 18:21:45: [SM] Blaming: l4d2_charger_getup_fix.smx
L 10/27/2019 - 18:21:45: [SM] Call stack trace:
L 10/27/2019 - 18:21:45: [SM]   [0] GetClientTeam
L 10/27/2019 - 18:21:45: [SM]   [1] Line 79, C:\Users\Trevor_2\Desktop\scripting\l4d2_charger_getup_fix.sp::OnClientDisconnect
L 10/27/2019 - 18:33:47: [SM] Exception reported: Entity -1 (-1) is invalid
L 10/27/2019 - 18:33:47: [SM] Blaming: l4d2_melee_shenanigans.smx
L 10/27/2019 - 18:33:47: [SM] Call stack trace:
L 10/27/2019 - 18:33:47: [SM]   [0] SetEntProp
L 10/27/2019 - 18:33:47: [SM]   [1] Line 142, crash/l4d2_melee_shenanigans.sp::TimedSwap
L 10/27/2019 - 18:34:41: [SM] Exception reported: Entity 8 (8) is invalid
L 10/27/2019 - 18:34:41: [SM] Blaming: l4d2_charger_getup_fix.smx
L 10/27/2019 - 18:34:41: [SM] Call stack trace:
L 10/27/2019 - 18:34:41: [SM]   [0] GetEntDataEnt2
L 10/27/2019 - 18:34:41: [SM]   [1] Line 115, C:\Users\Trevor_2\Desktop\scripting\l4d2_charger_getup_fix.sp::Event_PlayerTeam
L 10/27/2019 - 18:34:41: [SM] Exception reported: Client 4 is not in game
L 10/27/2019 - 18:34:41: [SM] Blaming: l4d2_charger_getup_fix.smx
L 10/27/2019 - 18:34:41: [SM] Call stack trace:
L 10/27/2019 - 18:34:41: [SM]   [0] GetClientTeam
L 10/27/2019 - 18:34:41: [SM]   [1] Line 79, C:\Users\Trevor_2\Desktop\scripting\l4d2_charger_getup_fix.sp::OnClientDisconnect
L 10/27/2019 - 18:34:45: Error log file session closed.
L 10/27/2019 - 18:37:52: SourceMod error session started
L 10/27/2019 - 18:37:52: Info (map "c2m3_coaster") (file "errors_20191027.log")
L 10/27/2019 - 18:37:52: [SM] Exception reported: Entity -1 (-1) is invalid
L 10/27/2019 - 18:37:52: [SM] Blaming: l4d2_melee_shenanigans.smx
L 10/27/2019 - 18:37:52: [SM] Call stack trace:
L 10/27/2019 - 18:37:52: [SM]   [0] SetEntProp
L 10/27/2019 - 18:37:52: [SM]   [1] Line 142, crash/l4d2_melee_shenanigans.sp::TimedSwap
L 10/27/2019 - 18:43:07: SourceMod error session started
L 10/27/2019 - 18:43:07: Info (map "c2m1_highway") (file "errors_20191027.log")
L 10/27/2019 - 18:43:07: [CRASH] Accelerator uploaded crash dump: Crash ID: YGQV-M5RW-MX34
