L 10/29/2019 - 05:31:33: SourceMod log file session started (file "L20191029.log") (Version "1.9.0.6282")
L 10/29/2019 - 05:31:33: Log file closed.
L 10/29/2019 - 05:31:48: SourceMod log file session started (file "L20191029.log") (Version "1.9.0.6282")
L 10/29/2019 - 05:31:48: -------- Mapchange to c2m1_highway --------
L 10/29/2019 - 05:31:48: [GEOIP] GeoIP database info: GEO-106FREE 20180327 Build 1 Copyright (c) 2018 MaxMind Inc All Rights Reserved
L 10/29/2019 - 05:31:48: [GEOIPCITY] GeoIPCity database info: GEO-533LITE 20150106 Build 1 Copyright (c) 2015 MaxMind Inc All Rights Reserved
L 10/29/2019 - 05:31:48: [firebulletsfix.smx] Found offset for Weapon_ShootPosition 285
L 10/29/2019 - 05:31:51: [sv_steamgroup_fixer.smx] Corrected sv_steamgroup ("33766243,27767513") from 33766244 to 33766243.
L 10/29/2019 - 05:31:51: [basecommands.smx] "Console<0><Console><Console>" changed cvar (cvar "motd_enabled") (value "0")
L 10/29/2019 - 05:31:51: [basecommands.smx] "Console<0><Console><Console>" changed cvar (cvar "motdfile") (value "mymotd.txt")
L 10/29/2019 - 05:31:51: [basecommands.smx] "Console<0><Console><Console>" changed cvar (cvar "hostfile") (value "myhost.txt")
L 10/29/2019 - 05:31:51: [basecommands.smx] "Console<0><Console><Console>" changed cvar (cvar "l4d2_addons_eclipse") (value "1")
L 10/29/2019 - 05:31:51: [basecommands.smx] "Console<0><Console><Console>" changed cvar (cvar "sv_allow_wait_command") (value "1")
L 10/29/2019 - 05:31:51: [basecommands.smx] "Console<0><Console><Console>" changed cvar (cvar "sv_minrate") (value "100000")
L 10/29/2019 - 05:31:51: [basecommands.smx] "Console<0><Console><Console>" changed cvar (cvar "sv_maxrate") (value "100000")
L 10/29/2019 - 05:31:51: [basecommands.smx] "Console<0><Console><Console>" changed cvar (cvar "sv_minupdaterate") (value "100")
L 10/29/2019 - 05:31:51: [basecommands.smx] "Console<0><Console><Console>" changed cvar (cvar "sv_maxupdaterate") (value "100")
L 10/29/2019 - 05:31:51: [basecommands.smx] "Console<0><Console><Console>" changed cvar (cvar "sv_mincmdrate") (value "100")
L 10/29/2019 - 05:31:51: [basecommands.smx] "Console<0><Console><Console>" changed cvar (cvar "sv_maxcmdrate") (value "100")
L 10/29/2019 - 05:31:51: [basecommands.smx] "Console<0><Console><Console>" changed cvar (cvar "sv_client_min_interp_ratio") (value "-1")
L 10/29/2019 - 05:31:51: [basecommands.smx] "Console<0><Console><Console>" changed cvar (cvar "sv_client_max_interp_ratio") (value "0")
L 10/29/2019 - 05:31:51: [basecommands.smx] "Console<0><Console><Console>" changed cvar (cvar "nb_update_frequency") (value "0.015")
L 10/29/2019 - 05:31:51: [basecommands.smx] "Console<0><Console><Console>" changed cvar (cvar "net_splitpacket_maxrate") (value "100000")
L 10/29/2019 - 05:31:51: [basecommands.smx] "Console<0><Console><Console>" changed cvar (cvar "fps_max") (value "0")
L 10/29/2019 - 05:31:51: [basecommands.smx] "Console<0><Console><Console>" changed cvar (cvar "tick_door_speed") (value "1.3")
L 10/29/2019 - 05:31:51: [basecommands.smx] "Console<0><Console><Console>" changed cvar (cvar "sv_force_unreserved") (value "1")
L 10/29/2019 - 05:31:51: [basecommands.smx] "Console<0><Console><Console>" changed cvar (cvar "sv_visiblemaxplayers") (value "16")
L 10/29/2019 - 05:31:51: [basecommands.smx] "Console<0><Console><Console>" changed cvar (cvar "sv_maxplayers") (value "16")
L 10/29/2019 - 05:31:51: [basecommands.smx] "Console<0><Console><Console>" changed cvar (cvar "chestbump_patch_enabled") (value "1")
L 10/29/2019 - 05:31:51: [basecommands.smx] "Console<0><Console><Console>" changed cvar (cvar "mp_autoteambalance") (value "0")
L 10/29/2019 - 05:31:51: [basecommands.smx] "Console<0><Console><Console>" changed cvar (cvar "sv_unlag_fixstuck") (value "1")
L 10/29/2019 - 05:31:51: [basecommands.smx] "Console<0><Console><Console>" changed cvar (cvar "z_brawl_chance") (value "0")
L 10/29/2019 - 05:31:51: [basecommands.smx] "Console<0><Console><Console>" changed cvar (cvar "sv_maxunlag") (value "1")
L 10/29/2019 - 05:31:51: [basecommands.smx] "Console<0><Console><Console>" changed cvar (cvar "sv_forcepreload") (value "1")
L 10/29/2019 - 05:31:51: [basecommands.smx] "Console<0><Console><Console>" changed cvar (cvar "sv_client_predict") (value "1")
L 10/29/2019 - 05:31:51: [basecommands.smx] "Console<0><Console><Console>" changed cvar (cvar "sv_client_cmdrate_difference") (value "0")
L 10/29/2019 - 05:31:51: [basecommands.smx] "Console<0><Console><Console>" changed cvar (cvar "sv_max_queries_sec_global") (value "10")
L 10/29/2019 - 05:31:51: [basecommands.smx] "Console<0><Console><Console>" changed cvar (cvar "sv_max_queries_sec") (value "3")
L 10/29/2019 - 05:31:51: [basecommands.smx] "Console<0><Console><Console>" changed cvar (cvar "sv_max_queries_window") (value "10")
L 10/29/2019 - 05:31:51: [basecommands.smx] "Console<0><Console><Console>" changed cvar (cvar "sv_player_stuck_tolerance") (value "5")
L 10/29/2019 - 05:31:51: [basecommands.smx] "Console<0><Console><Console>" changed cvar (cvar "sv_stats") (value "0")
L 10/29/2019 - 05:31:51: [basecommands.smx] "Console<0><Console><Console>" changed cvar (cvar "sv_clockcorrection_msecs") (value "15")
L 10/29/2019 - 05:31:51: [basecommands.smx] "Console<0><Console><Console>" changed cvar (cvar "sb_all_bot_game") (value "1")
L 10/29/2019 - 05:31:51: [basecommands.smx] "Console<0><Console><Console>" changed cvar (cvar "director_allow_infected_bots") (value "1")
L 10/29/2019 - 05:31:51: [basecommands.smx] "Console<0><Console><Console>" changed cvar (cvar "z_common_limit") (value "28")
L 10/29/2019 - 05:31:51: [basecommands.smx] "Console<0><Console><Console>" changed cvar (cvar "z_ghost_delay_min") (value "15")
L 10/29/2019 - 05:31:51: [basecommands.smx] "Console<0><Console><Console>" changed cvar (cvar "z_ghost_delay_max") (value "15")
L 10/29/2019 - 05:31:51: [basecommands.smx] "Console<0><Console><Console>" changed cvar (cvar "z_mega_mob_size") (value "50")
L 10/29/2019 - 05:31:51: [basecommands.smx] "Console<0><Console><Console>" changed cvar (cvar "z_mob_spawn_min_size") (value "15")
L 10/29/2019 - 05:31:51: [basecommands.smx] "Console<0><Console><Console>" changed cvar (cvar "z_mob_spawn_max_size") (value "15")
L 10/29/2019 - 05:31:51: [basecommands.smx] "Console<0><Console><Console>" changed cvar (cvar "z_mob_spawn_min_interval_normal") (value "3600")
L 10/29/2019 - 05:31:51: [basecommands.smx] "Console<0><Console><Console>" changed cvar (cvar "z_mob_spawn_max_interval_normal") (value "3600")
L 10/29/2019 - 05:31:51: [basecommands.smx] "Console<0><Console><Console>" changed cvar (cvar "z_jockey_ride_damage") (value "1")
L 10/29/2019 - 05:31:51: [basecommands.smx] "Console<0><Console><Console>" changed cvar (cvar "z_jockey_ride_damage_interval") (value "0.25")
L 10/29/2019 - 05:31:51: [basecommands.smx] "Console<0><Console><Console>" changed cvar (cvar "z_pounce_damage") (value "2")
L 10/29/2019 - 05:31:51: [basecommands.smx] "Console<0><Console><Console>" changed cvar (cvar "z_pounce_damage_interval") (value "0.2")
L 10/29/2019 - 05:31:51: [basecommands.smx] "Console<0><Console><Console>" changed cvar (cvar "hunter_pz_claw_dmg") (value "4")
L 10/29/2019 - 05:31:51: [basecommands.smx] "Console<0><Console><Console>" changed cvar (cvar "tongue_drag_damage_amount") (value "1")
L 10/29/2019 - 05:31:51: [basecommands.smx] "Console<0><Console><Console>" changed cvar (cvar "tongue_choke_damage_amount") (value "1")
L 10/29/2019 - 05:31:51: [basecommands.smx] "Console<0><Console><Console>" changed cvar (cvar "tongue_drag_first_damage_interval") (value "1.0")
L 10/29/2019 - 05:31:51: [basecommands.smx] "Console<0><Console><Console>" changed cvar (cvar "tongue_drag_first_damage") (value "3.0")
L 10/29/2019 - 05:31:51: [basecommands.smx] "Console<0><Console><Console>" changed cvar (cvar "tongue_drag_damage_interval") (value "0.23")
L 10/29/2019 - 05:31:51: [basecommands.smx] "Console<0><Console><Console>" changed cvar (cvar "tongue_choke_damage_interval") (value "0.2")
L 10/29/2019 - 05:31:51: [basecommands.smx] "Console<0><Console><Console>" changed cvar (cvar "z_versus_hunter_limit") (value "2")
L 10/29/2019 - 05:31:51: [basecommands.smx] "Console<0><Console><Console>" changed cvar (cvar "sv_cheats") (value "0")
L 10/29/2019 - 05:31:51: [basecommands.smx] "Console<0><Console><Console>" changed cvar (cvar "sv_consistency") (value "1")
L 10/29/2019 - 05:31:51: [basecommands.smx] "Console<0><Console><Console>" changed cvar (cvar "sv_pure_kick_clients") (value "1")
L 10/29/2019 - 05:31:51: [basecommands.smx] "Console<0><Console><Console>" changed cvar (cvar "sv_voiceenable") (value "1")
L 10/29/2019 - 05:31:51: [basecommands.smx] "Console<0><Console><Console>" changed cvar (cvar "sv_log_onefile") (value "0")
L 10/29/2019 - 05:31:51: [basecommands.smx] "Console<0><Console><Console>" changed cvar (cvar "sv_logbans") (value "1")
L 10/29/2019 - 05:31:51: [basecommands.smx] "Console<0><Console><Console>" changed cvar (cvar "sv_allow_lobby_connect_only") (value "0")
L 10/29/2019 - 05:31:51: [basecommands.smx] "Console<0><Console><Console>" changed cvar (cvar "vs_max_team_switches") (value "9999")
L 10/29/2019 - 05:31:51: [basecommands.smx] "Console<0><Console><Console>" changed cvar (cvar "mp_gamemode") (value "versus")
L 10/29/2019 - 05:31:51: [basecommands.smx] "Console<0><Console><Console>" changed cvar (cvar "versus_marker_num") (value "0")
L 10/29/2019 - 05:31:51: [basecommands.smx] "Console<0><Console><Console>" changed cvar (cvar "z_difficulty") (value "normal")
L 10/29/2019 - 05:31:51: [basecommands.smx] "Console<0><Console><Console>" changed cvar (cvar "director_vs_convert_pills") (value "0")
L 10/29/2019 - 05:31:51: [basecommands.smx] "Console<0><Console><Console>" changed cvar (cvar "director_convert_pills") (value "0")
L 10/29/2019 - 05:31:51: [basecommands.smx] "Console<0><Console><Console>" changed cvar (cvar "director_convert_pills_critical_health") (value "0")
L 10/29/2019 - 05:31:51: [basecommands.smx] "Console<0><Console><Console>" changed cvar (cvar "director_convert_pills_to_defib_health") (value "0")
L 10/29/2019 - 05:31:51: [basecommands.smx] "Console<0><Console><Console>" changed cvar (cvar "pain_pills_decay_rate") (value "0.27")
L 10/29/2019 - 05:31:51: [basecommands.smx] "Console<0><Console><Console>" changed cvar (cvar "z_finale_spawn_safety_range") (value "600")
L 10/29/2019 - 05:31:51: [basecommands.smx] "Console<0><Console><Console>" changed cvar (cvar "z_fallen_max_count") (value "0")
L 10/29/2019 - 05:31:51: [basecommands.smx] "Console<0><Console><Console>" changed cvar (cvar "sv_infected_ceda_vomitjar_probability") (value "0")
L 10/29/2019 - 05:31:51: [basecommands.smx] "Console<0><Console><Console>" changed cvar (cvar "sv_force_time_of_day") (value "0")
L 10/29/2019 - 05:31:51: [basecommands.smx] "Console<0><Console><Console>" changed cvar (cvar "z_brawl_chance") (value "0")
L 10/29/2019 - 05:31:51: [basecommands.smx] "Console<0><Console><Console>" changed cvar (cvar "z_female_boomer_spawn_chance") (value "50")
L 10/29/2019 - 05:31:51: [basecommands.smx] "Console<0><Console><Console>" changed cvar (cvar "nav_lying_down_percent") (value "0")
L 10/29/2019 - 05:31:51: [basecommands.smx] "Console<0><Console><Console>" changed cvar (cvar "z_must_wander") (value "1")
L 10/29/2019 - 05:31:51: [basecommands.smx] "Console<0><Console><Console>" changed cvar (cvar "versus_shove_hunter_fov_pouncing") (value "0")
L 10/29/2019 - 05:31:51: [basecommands.smx] "Console<0><Console><Console>" changed cvar (cvar "ammo_shotgun_max") (value "96")
L 10/29/2019 - 05:31:51: [basecommands.smx] "Console<0><Console><Console>" changed cvar (cvar "ammo_smg_max") (value "750")
L 10/29/2019 - 05:31:51: [basecommands.smx] "Console<0><Console><Console>" changed cvar (cvar "ammo_sniperrifle_max") (value "80")
L 10/29/2019 - 05:31:51: [basecommands.smx] "Console<0><Console><Console>" changed cvar (cvar "z_pushaway_force") (value "0")
L 10/29/2019 - 05:31:51: [basecommands.smx] "Console<0><Console><Console>" changed cvar (cvar "z_gun_swing_vs_min_penalty") (value "1")
L 10/29/2019 - 05:31:51: [basecommands.smx] "Console<0><Console><Console>" changed cvar (cvar "z_gun_swing_vs_max_penalty") (value "4")
L 10/29/2019 - 05:31:51: [basecommands.smx] "Console<0><Console><Console>" changed cvar (cvar "z_leap_interval_post_incap") (value "18")
L 10/29/2019 - 05:31:51: [basecommands.smx] "Console<0><Console><Console>" changed cvar (cvar "z_jockey_control_variance") (value "0.0")
L 10/29/2019 - 05:31:51: [basecommands.smx] "Console<0><Console><Console>" changed cvar (cvar "z_exploding_shove_min") (value "4")
L 10/29/2019 - 05:31:51: [basecommands.smx] "Console<0><Console><Console>" changed cvar (cvar "z_exploding_shove_max") (value "4")
L 10/29/2019 - 05:31:51: [basecommands.smx] "Console<0><Console><Console>" changed cvar (cvar "gascan_spit_time") (value "2")
L 10/29/2019 - 05:31:51: [basecommands.smx] "Console<0><Console><Console>" changed cvar (cvar "z_vomit_interval") (value "20")
L 10/29/2019 - 05:31:51: [basecommands.smx] "Console<0><Console><Console>" changed cvar (cvar "sv_gameinstructor_disable") (value "1")
L 10/29/2019 - 05:31:51: [basecommands.smx] "Console<0><Console><Console>" changed cvar (cvar "z_cough_cloud_radius") (value "0")
L 10/29/2019 - 05:31:51: [basecommands.smx] "Console<0><Console><Console>" changed cvar (cvar "z_spit_interval") (value "16")
L 10/29/2019 - 05:31:51: [basecommands.smx] "Console<0><Console><Console>" changed cvar (cvar "tongue_hit_delay") (value "13")
L 10/29/2019 - 05:31:51: [basecommands.smx] "Console<0><Console><Console>" changed cvar (cvar "z_pounce_silence_range") (value "999999")
L 10/29/2019 - 05:31:51: [basecommands.smx] "Console<0><Console><Console>" changed cvar (cvar "versus_shove_jockey_fov_leaping") (value "20")
L 10/29/2019 - 05:31:51: [basecommands.smx] "Console<0><Console><Console>" changed cvar (cvar "z_holiday_gift_drop_chance") (value "0")
L 10/29/2019 - 05:31:51: [basecommands.smx] "Console<0><Console><Console>" changed cvar (cvar "z_door_pound_damage") (value "160")
L 10/29/2019 - 05:31:51: [basecommands.smx] "Console<0><Console><Console>" changed cvar (cvar "z_pounce_door_damage") (value "500")
L 10/29/2019 - 05:31:51: [basecommands.smx] "Console<0><Console><Console>" changed cvar (cvar "z_jockey_speed") (value "275")
L 10/29/2019 - 05:31:51: [basecommands.smx] "Console<0><Console><Console>" changed cvar (cvar "tongue_release_fatigue_penalty") (value "0")
L 10/29/2019 - 05:31:51: [basecommands.smx] "Console<0><Console><Console>" changed cvar (cvar "z_gun_survivor_friend_push") (value "0")
L 10/29/2019 - 05:31:51: [basecommands.smx] "Console<0><Console><Console>" changed cvar (cvar "z_respawn_interval") (value "20")
L 10/29/2019 - 05:31:51: [basecommands.smx] "Console<0><Console><Console>" changed cvar (cvar "sb_max_team_melee_weapons") (value "4")
L 10/29/2019 - 05:31:51: [basecommands.smx] "Console<0><Console><Console>" changed cvar (cvar "z_charge_warmup") (value "0")
L 10/29/2019 - 05:31:51: [basecommands.smx] "Console<0><Console><Console>" changed cvar (cvar "z_jockey_min_mounted_speed") (value "0.68")
L 10/29/2019 - 05:31:51: [basecommands.smx] "Console<0><Console><Console>" changed cvar (cvar "boomer_exposed_time_tolerance") (value "0.2")
L 10/29/2019 - 05:31:51: [basecommands.smx] "Console<0><Console><Console>" changed cvar (cvar "boomer_vomit_delay") (value "0.1")
L 10/29/2019 - 05:31:51: [basecommands.smx] "Console<0><Console><Console>" changed cvar (cvar "hunter_pounce_ready_range") (value "1000")
L 10/29/2019 - 05:31:51: [basecommands.smx] "Console<0><Console><Console>" changed cvar (cvar "hunter_committed_attack_range") (value "600")
L 10/29/2019 - 05:31:51: [basecommands.smx] "Console<0><Console><Console>" changed cvar (cvar "versus_tank_flow_team_variation") (value "0")
L 10/29/2019 - 05:31:51: [basecommands.smx] "Console<0><Console><Console>" changed cvar (cvar "versus_boss_flow_max") (value "0.85")
L 10/29/2019 - 05:31:51: [basecommands.smx] "Console<0><Console><Console>" changed cvar (cvar "versus_boss_flow_min") (value "0.20")
L 10/29/2019 - 05:31:51: [basecommands.smx] "Console<0><Console><Console>" changed cvar (cvar "tank_stuck_time_suicide") (value "999999999")
L 10/29/2019 - 05:31:51: [basecommands.smx] "Console<0><Console><Console>" changed cvar (cvar "director_tank_lottery_selection_time") (value "3")
L 10/29/2019 - 05:31:51: [basecommands.smx] "Console<0><Console><Console>" changed cvar (cvar "z_frustration_spawn_delay") (value "25")
L 10/29/2019 - 05:31:51: [basecommands.smx] "Console<0><Console><Console>" changed cvar (cvar "z_frustration_los_delay") (value "1.2")
L 10/29/2019 - 05:31:51: [basecommands.smx] "Console<0><Console><Console>" changed cvar (cvar "tankcontrol_print_all") (value "1")
L 10/29/2019 - 05:31:51: [basecommands.smx] "Console<0><Console><Console>" changed cvar (cvar "tank_ground_pound_duration") (value "0.1")
L 10/29/2019 - 05:31:51: [basecommands.smx] "Console<0><Console><Console>" changed cvar (cvar "l4d2_tankswap_choicetype") (value "2")
L 10/29/2019 - 05:31:51: [basecommands.smx] "Console<0><Console><Console>" changed cvar (cvar "l4d2_tankswap_timelimit") (value "10")
L 10/29/2019 - 05:31:51: [basecommands.smx] "Console<0><Console><Console>" changed cvar (cvar "acs_chmap_broadcast_interval") (value "99999")
L 10/29/2019 - 05:31:51: [basecommands.smx] "Console<0><Console><Console>" changed cvar (cvar "dotslash_replace_medkits") (value "0")
L 10/29/2019 - 05:31:51: [basecommands.smx] "Console<0><Console><Console>" changed cvar (cvar "l4d_global_percent") (value "0")
L 10/29/2019 - 05:31:51: [basecommands.smx] "Console<0><Console><Console>" changed cvar (cvar "l4d_tank_percent") (value "1")
L 10/29/2019 - 05:31:51: [basecommands.smx] "Console<0><Console><Console>" changed cvar (cvar "l4d_witch_percent") (value "1")
L 10/29/2019 - 05:31:51: [basecommands.smx] "Console<0><Console><Console>" changed cvar (cvar "simple_antibhop_enable") (value "1")
L 10/29/2019 - 05:31:51: [basecommands.smx] "Console<0><Console><Console>" changed cvar (cvar "bhop_allow_survivor") (value "0")
L 10/29/2019 - 05:31:51: [basecommands.smx] "Console<0><Console><Console>" changed cvar (cvar "bhop_except_si_flags") (value "16")
L 10/29/2019 - 05:31:51: [basecommands.smx] "Console<0><Console><Console>" changed cvar (cvar "l4d2_dominators") (value "0")
L 10/29/2019 - 05:31:51: [basecommands.smx] "Console<0><Console><Console>" changed cvar (cvar "sm_skill_report_enable") (value "1")
L 10/29/2019 - 05:31:51: [basecommands.smx] "Console<0><Console><Console>" changed cvar (cvar "cssladders_enabled") (value "1")
L 10/29/2019 - 05:31:51: [basecommands.smx] "Console<0><Console><Console>" changed cvar (cvar "cssladders_allow_m2") (value "0")
L 10/29/2019 - 05:31:51: [basecommands.smx] "Console<0><Console><Console>" changed cvar (cvar "cssladders_allow_reload") (value "0")
L 10/29/2019 - 05:31:51: [basecommands.smx] "Console<0><Console><Console>" changed cvar (cvar "chestbump_patch_enabled") (value "1")
L 10/29/2019 - 05:31:51: [basecommands.smx] "Console<0><Console><Console>" changed cvar (cvar "sm_survivor_mvp_brevity") (value "0")
L 10/29/2019 - 05:31:51: [basecommands.smx] "Console<0><Console><Console>" changed cvar (cvar "sm_survivor_mvp_brevity_latest") (value "111")
L 10/29/2019 - 05:31:51: [basecommands.smx] "Console<0><Console><Console>" changed cvar (cvar "sm_stats_autoprint_vs_round") (value "8372")
L 10/29/2019 - 05:31:51: [basecommands.smx] "Console<0><Console><Console>" changed cvar (cvar "sound_block_hb") (value "1")
L 10/29/2019 - 05:31:51: [basecommands.smx] "Console<0><Console><Console>" changed cvar (cvar "sound_block_for_comp") (value "1")
L 10/29/2019 - 05:31:51: [basecommands.smx] "Console<0><Console><Console>" changed cvar (cvar "sm_pbonus_display") (value "0")
L 10/29/2019 - 05:31:51: [basecommands.smx] "Console<0><Console><Console>" changed cvar (cvar "sm_pbonus_reportchanges") (value "1")
L 10/29/2019 - 05:31:51: [basecommands.smx] "Console<0><Console><Console>" changed cvar (cvar "sm_pbonus_witch") (value "25")
L 10/29/2019 - 05:31:51: [basecommands.smx] "Console<0><Console><Console>" changed cvar (cvar "engine_fix_flags") (value "12")
L 10/29/2019 - 05:31:51: [basecommands.smx] "Console<0><Console><Console>" changed cvar (cvar "crc_global") (value "1")
L 10/29/2019 - 05:31:51: [basecommands.smx] "Console<0><Console><Console>" changed cvar (cvar "infected_fire_immunity") (value "3")
L 10/29/2019 - 05:31:51: [basecommands.smx] "Console<0><Console><Console>" changed cvar (cvar "ghost_hurt_type") (value "1")
L 10/29/2019 - 05:31:51: [basecommands.smx] "Console<0><Console><Console>" changed cvar (cvar "bot_kick_delay") (value "0")
L 10/29/2019 - 05:31:51: [basecommands.smx] "Console<0><Console><Console>" changed cvar (cvar "sm_safeitemkill_saferooms") (value "1")
L 10/29/2019 - 05:31:51: [basecommands.smx] "Console<0><Console><Console>" changed cvar (cvar "sm_safeitemkill_items") (value "13")
L 10/29/2019 - 05:31:51: [basecommands.smx] "Console<0><Console><Console>" changed cvar (cvar "l4d_obey_boss_spawn_cvars") (value "1")
L 10/29/2019 - 05:31:51: [basecommands.smx] "Console<0><Console><Console>" changed cvar (cvar "l4d_obey_boss_spawn_except_static") (value "1")
L 10/29/2019 - 05:31:51: [basecommands.smx] "Console<0><Console><Console>" changed cvar (cvar "charger_dmg_punch") (value "8")
L 10/29/2019 - 05:31:51: [basecommands.smx] "Console<0><Console><Console>" changed cvar (cvar "charger_dmg_firstpunch") (value "-1")
L 10/29/2019 - 05:31:51: [basecommands.smx] "Console<0><Console><Console>" changed cvar (cvar "charger_dmg_impact") (value "10")
L 10/29/2019 - 05:31:51: [basecommands.smx] "Console<0><Console><Console>" changed cvar (cvar "charger_dmg_stumble") (value "2")
L 10/29/2019 - 05:31:51: [basecommands.smx] "Console<0><Console><Console>" changed cvar (cvar "charger_dmg_pound") (value "15")
L 10/29/2019 - 05:31:51: [basecommands.smx] "Console<0><Console><Console>" changed cvar (cvar "l4d_no_bash_kills") (value "1")
L 10/29/2019 - 05:31:51: [basecommands.smx] "Console<0><Console><Console>" changed cvar (cvar "longer_tank_punch_getup") (value "1")
L 10/29/2019 - 05:31:51: [basecommands.smx] "Console<0><Console><Console>" changed cvar (cvar "z_leap_interval_post_ledge_hang") (value "12")
L 10/29/2019 - 05:31:51: [basecommands.smx] "Console<0><Console><Console>" changed cvar (cvar "l4d_no_cans") (value "1")
L 10/29/2019 - 05:31:51: [basecommands.smx] "Console<0><Console><Console>" changed cvar (cvar "l4d_no_propane") (value "1")
L 10/29/2019 - 05:31:51: [basecommands.smx] "Console<0><Console><Console>" changed cvar (cvar "l4d_no_oxygen") (value "1")
L 10/29/2019 - 05:31:51: [basecommands.smx] "Console<0><Console><Console>" changed cvar (cvar "l4d_no_fireworks") (value "1")
L 10/29/2019 - 05:31:51: [basecommands.smx] "Console<0><Console><Console>" changed cvar (cvar "z_tank_speed_vs") (value "205")
L 10/29/2019 - 05:31:51: [basecommands.smx] "Console<0><Console><Console>" changed cvar (cvar "z_tank_damage_slow_min_range") (value "0")
L 10/29/2019 - 05:31:51: [basecommands.smx] "Console<0><Console><Console>" changed cvar (cvar "z_tank_damage_slow_max_range") (value "0")
L 10/29/2019 - 05:31:51: [basecommands.smx] "Console<0><Console><Console>" changed cvar (cvar "l4d2_slowdown_gunfire_si") (value "0")
L 10/29/2019 - 05:31:51: [basecommands.smx] "Console<0><Console><Console>" changed cvar (cvar "l4d2_slowdown_gunfire_tank") (value "0")
L 10/29/2019 - 05:31:51: [basecommands.smx] "Console<0><Console><Console>" changed cvar (cvar "l4d2_slowdown_water_tank") (value "0")
L 10/29/2019 - 05:31:51: [basecommands.smx] "Console<0><Console><Console>" changed cvar (cvar "l4d2_slowdown_water_survivors") (value "-1")
L 10/29/2019 - 05:31:51: [basecommands.smx] "Console<0><Console><Console>" changed cvar (cvar "l4d2_slowdown_water_survivors_during_tank") (value "1.24")
L 10/29/2019 - 05:31:51: [basecommands.smx] "Console<0><Console><Console>" changed cvar (cvar "l4d2_heq_checkpoint_sound") (value "1")
L 10/29/2019 - 05:31:51: [basecommands.smx] "Console<0><Console><Console>" changed cvar (cvar "l4d_tankdamage_enabled") (value "1")
L 10/29/2019 - 05:31:51: [basecommands.smx] "Console<0><Console><Console>" changed cvar (cvar "l4d_tank_props") (value "1")
L 10/29/2019 - 05:31:51: [basecommands.smx] "Console<0><Console><Console>" changed cvar (cvar "l4d_tank_painfade") (value "1")
L 10/29/2019 - 05:31:51: [basecommands.smx] "Console<0><Console><Console>" changed cvar (cvar "l4d_tank_painfade_duration") (value "150")
L 10/29/2019 - 05:31:51: [basecommands.smx] "Console<0><Console><Console>" changed cvar (cvar "l4d_tank_painfade_flags") (value "8")
L 10/29/2019 - 05:31:51: [basecommands.smx] "Console<0><Console><Console>" changed cvar (cvar "l4d2_block_punch_rock") (value "1")
L 10/29/2019 - 05:31:51: [basecommands.smx] "Console<0><Console><Console>" changed cvar (cvar "l4d2_block_jump_rock") (value "0")
L 10/29/2019 - 05:31:51: [basecommands.smx] "Console<0><Console><Console>" changed cvar (cvar "tank_overhand_only") (value "0")
L 10/29/2019 - 05:31:51: [basecommands.smx] "Console<0><Console><Console>" changed cvar (cvar "l4d2_jump_rock_cooldown") (value "20")
L 10/29/2019 - 05:31:51: [basecommands.smx] "Console<0><Console><Console>" changed cvar (cvar "vs_tank_pound_damage") (value "36")
L 10/29/2019 - 05:31:51: [basecommands.smx] "Console<0><Console><Console>" changed cvar (cvar "vs_tank_rock_damage") (value "24")
L 10/29/2019 - 05:31:51: [basecommands.smx] "Console<0><Console><Console>" changed cvar (cvar "pickup_switch_flags") (value "2")
L 10/29/2019 - 05:31:51: [basecommands.smx] "Console<0><Console><Console>" changed cvar (cvar "pickup_incap_flags") (value "2")
L 10/29/2019 - 05:31:51: [basecommands.smx] "Console<0><Console><Console>" changed cvar (cvar "gfc_hittable_override") (value "1")
L 10/29/2019 - 05:31:51: [basecommands.smx] "Console<0><Console><Console>" changed cvar (cvar "gfc_hittable_rage_override") (value "1")
L 10/29/2019 - 05:31:51: [basecommands.smx] "Console<0><Console><Console>" changed cvar (cvar "gfc_rock_rage_override") (value "1")
L 10/29/2019 - 05:31:51: [basecommands.smx] "Console<0><Console><Console>" changed cvar (cvar "gfc_spit_extra_time") (value "0.4")
L 10/29/2019 - 05:31:51: [basecommands.smx] "Console<0><Console><Console>" changed cvar (cvar "gfc_common_extra_time") (value "0.6")
L 10/29/2019 - 05:31:51: [basecommands.smx] "Console<0><Console><Console>" changed cvar (cvar "gfc_hunter_duration") (value "1.8")
L 10/29/2019 - 05:31:51: [basecommands.smx] "Console<0><Console><Console>" changed cvar (cvar "gfc_jockey_duration") (value "0")
L 10/29/2019 - 05:31:51: [basecommands.smx] "Console<0><Console><Console>" changed cvar (cvar "gfc_smoker_duration") (value "0")
L 10/29/2019 - 05:31:51: [basecommands.smx] "Console<0><Console><Console>" changed cvar (cvar "gfc_charger_duration") (value "2.1")
L 10/29/2019 - 05:31:51: [basecommands.smx] "Console<0><Console><Console>" changed cvar (cvar "gfc_common_zc_flags") (value "9")
L 10/29/2019 - 05:31:51: [basecommands.smx] "Console<0><Console><Console>" changed cvar (cvar "gfc_spit_zc_flags") (value "6")
L 10/29/2019 - 05:31:51: [basecommands.smx] "Console<0><Console><Console>" changed cvar (cvar "gfc_godframe_glows") (value "1")
L 10/29/2019 - 05:31:51: [basecommands.smx] "Console<0><Console><Console>" changed cvar (cvar "gfc_ff_min_time") (value "0.8")
L 10/29/2019 - 05:31:51: [basecommands.smx] "Console<0><Console><Console>" changed cvar (cvar "gfc_witch_override") (value "1")
L 10/29/2019 - 05:31:51: [basecommands.smx] "Console<0><Console><Console>" changed cvar (cvar "l4d_pills_hot") (value "1")
L 10/29/2019 - 05:31:51: [basecommands.smx] "Console<0><Console><Console>" changed cvar (cvar "l4d_pills_hot_interval") (value "0.1")
L 10/29/2019 - 05:31:51: [basecommands.smx] "Console<0><Console><Console>" changed cvar (cvar "l4d_pills_hot_increment") (value "2")
L 10/29/2019 - 05:31:51: [basecommands.smx] "Console<0><Console><Console>" changed cvar (cvar "l4d_pills_hot_total") (value "50")
L 10/29/2019 - 05:31:51: [basecommands.smx] "Console<0><Console><Console>" changed cvar (cvar "z_max_hunter_pounce_stagger_duration") (value "1")
L 10/29/2019 - 05:31:51: [basecommands.smx] "Console<0><Console><Console>" changed cvar (cvar "l4d2_m2_hunter_penalty") (value "1")
L 10/29/2019 - 05:31:51: [basecommands.smx] "Console<0><Console><Console>" changed cvar (cvar "l4d2_m2_jockey_penalty") (value "1")
L 10/29/2019 - 05:31:51: [basecommands.smx] "Console<0><Console><Console>" changed cvar (cvar "l4d2_m2_smoker_penalty") (value "1")
L 10/29/2019 - 05:31:51: [basecommands.smx] "Console<0><Console><Console>" changed cvar (cvar "l4d2_melee_tank_nerf") (value "20")
L 10/29/2019 - 05:31:51: [basecommands.smx] "Console<0><Console><Console>" changed cvar (cvar "l4d2_spit_dmg") (value "3")
L 10/29/2019 - 05:31:51: [basecommands.smx] "Console<0><Console><Console>" changed cvar (cvar "l4d2_spit_alternate_dmg") (value "3")
L 10/29/2019 - 05:31:51: [basecommands.smx] "Console<0><Console><Console>" changed cvar (cvar "l4d2_spit_max_ticks") (value "26")
L 10/29/2019 - 05:31:51: [basecommands.smx] "Console<0><Console><Console>" changed cvar (cvar "l4d2_spit_godframe_ticks") (value "6")
L 10/29/2019 - 05:31:51: [basecommands.smx] "Console<0><Console><Console>" changed cvar (cvar "hc_bridge_car_damage") (value "24.0")
L 10/29/2019 - 05:31:51: [basecommands.smx] "Console<0><Console><Console>" changed cvar (cvar "hc_sflog_standing_damage") (value "100.0")
L 10/29/2019 - 05:31:51: [basecommands.smx] "Console<0><Console><Console>" changed cvar (cvar "hc_bhlog_standing_damage") (value "100.0")
L 10/29/2019 - 05:31:51: [basecommands.smx] "Console<0><Console><Console>" changed cvar (cvar "hc_handtruck_standing_damage") (value "8.0")
L 10/29/2019 - 05:31:51: [basecommands.smx] "Console<0><Console><Console>" changed cvar (cvar "hc_car_standing_damage") (value "100.0")
L 10/29/2019 - 05:31:51: [basecommands.smx] "Console<0><Console><Console>" changed cvar (cvar "hc_bumpercar_standing_damage") (value "100.0")
L 10/29/2019 - 05:31:51: [basecommands.smx] "Console<0><Console><Console>" changed cvar (cvar "hc_forklift_standing_damage") (value "100.0")
L 10/29/2019 - 05:31:51: [basecommands.smx] "Console<0><Console><Console>" changed cvar (cvar "hc_dumpster_standing_damage") (value "100.0")
L 10/29/2019 - 05:31:51: [basecommands.smx] "Console<0><Console><Console>" changed cvar (cvar "hc_haybale_standing_damage") (value "100.0")
L 10/29/2019 - 05:31:51: [basecommands.smx] "Console<0><Console><Console>" changed cvar (cvar "hc_baggage_standing_damage") (value "100.0")
L 10/29/2019 - 05:31:51: [basecommands.smx] "Console<0><Console><Console>" changed cvar (cvar "hc_incap_standard_damage") (value "-2")
L 10/29/2019 - 05:31:51: [basecommands.smx] "Console<0><Console><Console>" changed cvar (cvar "hc_disable_self_damage") (value "1")
L 10/29/2019 - 05:31:51: [basecommands.smx] "Console<0><Console><Console>" changed cvar (cvar "hc_overhit_time") (value "1.4")
L 10/29/2019 - 05:31:51: [basecommands.smx] "Console<0><Console><Console>" changed cvar (cvar "l4d2_disable_si_friendly_staggers") (value "2")
L 10/29/2019 - 05:31:51: [basecommands.smx] "Console<0><Console><Console>" changed cvar (cvar "l4d2_block_infected_ff") (value "1")
L 10/29/2019 - 05:31:51: [basecommands.smx] "Console<0><Console><Console>" changed cvar (cvar "l4d2_infected_ff_allow_tank") (value "1")
L 10/29/2019 - 05:31:51: [basecommands.smx] "Console<0><Console><Console>" changed cvar (cvar "l4d2_undoff_enable") (value "7")
L 10/29/2019 - 05:31:51: [basecommands.smx] "Console<0><Console><Console>" changed cvar (cvar "l4d2_undoff_blockzerodmg") (value "7")
L 10/29/2019 - 05:31:51: [basecommands.smx] "Console<0><Console><Console>" changed cvar (cvar "l4d2_undoff_permdmgfrac") (value "1.0")
L 10/29/2019 - 05:31:51: [basecommands.smx] "Console<0><Console><Console>" changed cvar (cvar "sm_unsilentjockey_enabled") (value "1")
L 10/29/2019 - 05:31:51: [basecommands.smx] "Console<0><Console><Console>" changed cvar (cvar "sm_unsilentjockey_always") (value "1")
L 10/29/2019 - 05:31:51: [basecommands.smx] "Console<0><Console><Console>" changed cvar (cvar "sm_unsilentjockey_time") (value "0.1")
L 10/29/2019 - 05:31:51: [basecommands.smx] "Console<0><Console><Console>" changed cvar (cvar "collision_tankrock_common") (value "1")
L 10/29/2019 - 05:31:51: [basecommands.smx] "Console<0><Console><Console>" changed cvar (cvar "collision_smoker_common") (value "1")
L 10/29/2019 - 05:31:51: [basecommands.smx] "Console<0><Console><Console>" changed cvar (cvar "collision_tankrock_incap") (value "1")
L 10/29/2019 - 05:31:51: [basecommands.smx] "Console<0><Console><Console>" changed cvar (cvar "sm_punchstuckfix_unstucktime") (value "0.5")
L 10/29/2019 - 05:31:51: [basecommands.smx] "Console<0><Console><Console>" changed cvar (cvar "tpsf_debug_print") (value "0")
L 10/29/2019 - 05:31:51: [basecommands.smx] "Console<0><Console><Console>" changed cvar (cvar "l4d2_shotgun_ff_multi") (value "0.5")
L 10/29/2019 - 05:31:51: [basecommands.smx] "Console<0><Console><Console>" changed cvar (cvar "l4d2_shotgun_ff_min") (value "1.0")
L 10/29/2019 - 05:31:51: [basecommands.smx] "Console<0><Console><Console>" changed cvar (cvar "l4d2_shotgun_ff_max") (value "8.0")
L 10/29/2019 - 05:31:51: [basecommands.smx] "Console<0><Console><Console>" changed cvar (cvar "sm_uncinfblock_enabled") (value "1")
L 10/29/2019 - 05:31:51: [basecommands.smx] "Console<0><Console><Console>" changed cvar (cvar "sm_uncinfblock_types") (value "31")
L 10/29/2019 - 05:31:51: [basecommands.smx] "Console<0><Console><Console>" changed cvar (cvar "l4d2_MITSR_Enabled") (value "1")
L 10/29/2019 - 05:31:51: [basecommands.smx] "Console<0><Console><Console>" changed cvar (cvar "l4d2_MITSR_Random") (value "0")
L 10/29/2019 - 05:31:51: [basecommands.smx] "Console<0><Console><Console>" changed cvar (cvar "l4d2_MITSR_BaseballBat") (value "1")
L 10/29/2019 - 05:31:51: [basecommands.smx] "Console<0><Console><Console>" changed cvar (cvar "l4d2_MITSR_CricketBat") (value "0")
L 10/29/2019 - 05:31:51: [basecommands.smx] "Console<0><Console><Console>" changed cvar (cvar "l4d2_MITSR_Crowbar") (value "0")
L 10/29/2019 - 05:31:51: [basecommands.smx] "Console<0><Console><Console>" changed cvar (cvar "l4d2_MITSR_ElecGuitar") (value "0")
L 10/29/2019 - 05:31:51: [basecommands.smx] "Console<0><Console><Console>" changed cvar (cvar "l4d2_MITSR_FireAxe") (value "1")
L 10/29/2019 - 05:31:51: [basecommands.smx] "Console<0><Console><Console>" changed cvar (cvar "l4d2_MITSR_FryingPan") (value "0")
L 10/29/2019 - 05:31:51: [basecommands.smx] "Console<0><Console><Console>" changed cvar (cvar "l4d2_MITSR_GolfClub") (value "0")
L 10/29/2019 - 05:31:51: [basecommands.smx] "Console<0><Console><Console>" changed cvar (cvar "l4d2_MITSR_Knife") (value "0")
L 10/29/2019 - 05:31:51: [basecommands.smx] "Console<0><Console><Console>" changed cvar (cvar "l4d2_MITSR_Katana") (value "0")
L 10/29/2019 - 05:31:51: [basecommands.smx] "Console<0><Console><Console>" changed cvar (cvar "l4d2_MITSR_Machete") (value "1")
L 10/29/2019 - 05:31:51: [basecommands.smx] "Console<0><Console><Console>" changed cvar (cvar "l4d2_MITSR_RiotShield") (value "0")
L 10/29/2019 - 05:31:51: [basecommands.smx] "Console<0><Console><Console>" changed cvar (cvar "l4d2_MITSR_Tonfa") (value "0")
L 10/29/2019 - 05:31:51: [basecommands.smx] "Console<0><Console><Console>" changed cvar (cvar "sgspread_ring1_bullets") (value "8")
L 10/29/2019 - 05:31:51: [basecommands.smx] "Console<0><Console><Console>" changed cvar (cvar "sgspread_ring1_factor") (value "3")
L 10/29/2019 - 05:31:51: [basecommands.smx] "Console<0><Console><Console>" changed cvar (cvar "sgspread_center_pellet") (value "0")
L 10/29/2019 - 05:31:51: [basecommands.smx] "Console<0><Console><Console>" changed cvar (cvar "z_shotgun_bonus_damage_range") (value "60")
L 10/29/2019 - 05:31:51: [basecommands.smx] "Console<0><Console><Console>" changed cvar (cvar "z_shotgun_bonus_damage_multiplier") (value "7")
L 10/29/2019 - 05:31:51: [basecommands.smx] "Console<0><Console><Console>" changed cvar (cvar "l4d2_reload_speed_uzi") (value "1.75")
L 10/29/2019 - 05:31:51: [basecommands.smx] "Console<0><Console><Console>" changed cvar (cvar "l4d2_reload_speed_silenced_smg") (value "2.1")
L 10/29/2019 - 05:31:51: [basecommands.smx] "Console<0><Console><Console>" changed cvar (cvar "z_witch_damage_per_kill_hit") (value "75")
L 10/29/2019 - 05:31:51: [basecommands.smx] "Console<0><Console><Console>" changed cvar (cvar "z_witch_personal_space") (value "240")
L 10/29/2019 - 05:31:52: [l4d2_saferoom_item_remove.smx] Removed 4 saferoom item(s) (start: 0; end: 4).
