L 10/30/2019 - 07:03:38: [sbpp_main.smx] Database failure: [2013]: Lost connection to MySQL server at 'reading initial communication packet', system error: 113. See Docs: https://sbpp.github.io/docs/
L 11/03/2019 - 17:34:45: [sbpp_main.smx] Database failure: [2013]: Lost connection to MySQL server at 'reading initial communication packet', system error: 113. See Docs: https://sbpp.github.io/docs/
L 11/05/2019 - 18:10:10: [sbpp_main.smx] Verify Ban Query Failed: Lost connection to MySQL server at 'reading initial communication packet', system error: 113
L 11/05/2019 - 18:10:56: [sbpp_main.smx] Verify Ban Query Failed: Lost connection to MySQL server at 'reading initial communication packet', system error: 113
L 11/05/2019 - 18:11:42: [sbpp_main.smx] Verify Ban Query Failed: Lost connection to MySQL server at 'reading initial communication packet', system error: 113
L 11/05/2019 - 18:12:30: [sbpp_main.smx] Verify Ban Query Failed: Lost connection to MySQL server at 'reading initial communication packet', system error: 113
L 11/05/2019 - 18:13:19: [sbpp_main.smx] Verify Ban Query Failed: Lost connection to MySQL server at 'reading initial communication packet', system error: 113
L 11/05/2019 - 18:14:07: [sbpp_main.smx] Verify Ban Query Failed: Lost connection to MySQL server at 'reading initial communication packet', system error: 113
L 11/05/2019 - 18:14:32: [sbpp_main.smx] Failed to retrieve overrides from the database, Lost connection to MySQL server at 'reading initial communication packet', system error: 113
L 11/05/2019 - 18:14:35: [sbpp_main.smx] Verify Ban Query Failed: Lost connection to MySQL server at 'reading initial communication packet', system error: 113
L 11/05/2019 - 18:14:38: [sbpp_main.smx] Verify Ban Query Failed: Lost connection to MySQL server at 'reading initial communication packet', system error: 113
L 11/05/2019 - 18:14:41: [sbpp_main.smx] Verify Ban Query Failed: Lost connection to MySQL server at 'reading initial communication packet', system error: 113
L 11/05/2019 - 18:14:44: [sbpp_main.smx] Verify Ban Query Failed: Lost connection to MySQL server at 'reading initial communication packet', system error: 113
L 11/05/2019 - 18:14:47: [sbpp_main.smx] Verify Ban Query Failed: Lost connection to MySQL server at 'reading initial communication packet', system error: 113
L 11/05/2019 - 18:14:50: [sbpp_main.smx] Verify Ban Query Failed: Lost connection to MySQL server at 'reading initial communication packet', system error: 113
L 11/05/2019 - 18:14:53: [sbpp_main.smx] Verify Ban Query Failed: Lost connection to MySQL server at 'reading initial communication packet', system error: 113
L 11/05/2019 - 18:14:56: [sbpp_main.smx] Verify Ban Query Failed: Lost connection to MySQL server at 'reading initial communication packet', system error: 113
L 11/05/2019 - 18:14:59: [sbpp_main.smx] Failed to retrieve groups from the database, Lost connection to MySQL server at 'reading initial communication packet', system error: 113
L 11/05/2019 - 18:15:05: [sbpp_main.smx] Failed to retrieve admins from the database, Lost connection to MySQL server at 'reading initial communication packet', system error: 113
L 11/05/2019 - 18:15:24: [sbpp_main.smx] Verify Ban Query Failed: Lost connection to MySQL server at 'reading initial communication packet', system error: 113
L 11/05/2019 - 18:15:27: [sbpp_main.smx] Verify Ban Query Failed: Lost connection to MySQL server at 'reading initial communication packet', system error: 113
L 11/05/2019 - 18:15:30: [sbpp_main.smx] Verify Ban Query Failed: Lost connection to MySQL server at 'reading initial communication packet', system error: 113
L 11/05/2019 - 18:15:33: [sbpp_main.smx] Verify Ban Query Failed: Lost connection to MySQL server at 'reading initial communication packet', system error: 113
L 11/05/2019 - 18:15:36: [sbpp_main.smx] Verify Ban Query Failed: Lost connection to MySQL server at 'reading initial communication packet', system error: 113
L 11/05/2019 - 18:15:39: [sbpp_main.smx] Verify Ban Query Failed: Lost connection to MySQL server at 'reading initial communication packet', system error: 113
L 11/05/2019 - 18:15:42: [sbpp_main.smx] Verify Ban Query Failed: Lost connection to MySQL server at 'reading initial communication packet', system error: 113
L 11/05/2019 - 18:15:45: [sbpp_main.smx] Verify Ban Query Failed: Lost connection to MySQL server at 'reading initial communication packet', system error: 113
L 11/05/2019 - 18:16:13: [sbpp_main.smx] Verify Ban Query Failed: Lost connection to MySQL server at 'reading initial communication packet', system error: 113
L 11/05/2019 - 18:16:16: [sbpp_main.smx] Verify Ban Query Failed: Lost connection to MySQL server at 'reading initial communication packet', system error: 113
L 11/05/2019 - 18:16:19: [sbpp_main.smx] Verify Ban Query Failed: Lost connection to MySQL server at 'reading initial communication packet', system error: 113
L 11/05/2019 - 18:16:22: [sbpp_main.smx] Verify Ban Query Failed: Lost connection to MySQL server at 'reading initial communication packet', system error: 113
L 11/05/2019 - 18:16:25: [sbpp_main.smx] Verify Ban Query Failed: Lost connection to MySQL server at 'reading initial communication packet', system error: 113
L 11/05/2019 - 18:16:28: [sbpp_main.smx] Verify Ban Query Failed: Lost connection to MySQL server at 'reading initial communication packet', system error: 113
L 11/05/2019 - 18:16:31: [sbpp_main.smx] Verify Ban Query Failed: Lost connection to MySQL server at 'reading initial communication packet', system error: 113
L 11/05/2019 - 18:16:34: [sbpp_main.smx] Verify Ban Query Failed: Lost connection to MySQL server at 'reading initial communication packet', system error: 113
L 11/05/2019 - 18:17:01: [sbpp_main.smx] Verify Ban Query Failed: Lost connection to MySQL server at 'reading initial communication packet', system error: 113
L 11/05/2019 - 18:17:04: [sbpp_main.smx] Verify Ban Query Failed: Lost connection to MySQL server at 'reading initial communication packet', system error: 113
L 11/05/2019 - 18:17:07: [sbpp_main.smx] Verify Ban Query Failed: Lost connection to MySQL server at 'reading initial communication packet', system error: 113
L 11/05/2019 - 18:17:10: [sbpp_main.smx] Verify Ban Query Failed: Lost connection to MySQL server at 'reading initial communication packet', system error: 113
L 11/05/2019 - 18:17:13: [sbpp_main.smx] Verify Ban Query Failed: Lost connection to MySQL server at 'reading initial communication packet', system error: 113
L 11/05/2019 - 18:17:16: [sbpp_main.smx] Verify Ban Query Failed: Lost connection to MySQL server at 'reading initial communication packet', system error: 113
L 11/05/2019 - 18:17:20: [sbpp_main.smx] Verify Ban Query Failed: Lost connection to MySQL server at 'reading initial communication packet', system error: 113
L 11/05/2019 - 18:17:23: [sbpp_main.smx] Verify Ban Query Failed: Lost connection to MySQL server at 'reading initial communication packet', system error: 113
L 11/05/2019 - 18:17:49: [sbpp_main.smx] Verify Ban Query Failed: Lost connection to MySQL server at 'reading initial communication packet', system error: 113
L 11/05/2019 - 18:17:52: [sbpp_main.smx] Verify Ban Query Failed: Lost connection to MySQL server at 'reading initial communication packet', system error: 113
L 11/05/2019 - 18:17:55: [sbpp_main.smx] Verify Ban Query Failed: Lost connection to MySQL server at 'reading initial communication packet', system error: 113
L 11/05/2019 - 18:17:58: [sbpp_main.smx] Verify Ban Query Failed: Lost connection to MySQL server at 'reading initial communication packet', system error: 113
L 11/05/2019 - 18:18:02: [sbpp_main.smx] Verify Ban Query Failed: Lost connection to MySQL server at 'reading initial communication packet', system error: 113
L 11/05/2019 - 18:18:05: [sbpp_main.smx] Verify Ban Query Failed: Lost connection to MySQL server at 'reading initial communication packet', system error: 113
L 11/05/2019 - 18:18:08: [sbpp_main.smx] Verify Ban Query Failed: Lost connection to MySQL server at 'reading initial communication packet', system error: 113
L 11/05/2019 - 18:18:11: [sbpp_main.smx] Verify Ban Query Failed: Lost connection to MySQL server at 'reading initial communication packet', system error: 113
L 11/05/2019 - 18:18:37: [sbpp_main.smx] Verify Ban Query Failed: Lost connection to MySQL server at 'reading initial communication packet', system error: 113
L 11/05/2019 - 18:18:40: [sbpp_main.smx] Verify Ban Query Failed: Lost connection to MySQL server at 'reading initial communication packet', system error: 113
L 11/05/2019 - 18:18:43: [sbpp_main.smx] Verify Ban Query Failed: Lost connection to MySQL server at 'reading initial communication packet', system error: 113
L 11/05/2019 - 18:18:47: [sbpp_main.smx] Verify Ban Query Failed: Lost connection to MySQL server at 'reading initial communication packet', system error: 113
L 11/05/2019 - 18:18:50: [sbpp_main.smx] Verify Ban Query Failed: Lost connection to MySQL server at 'reading initial communication packet', system error: 113
L 11/05/2019 - 18:18:53: [sbpp_main.smx] Verify Ban Query Failed: Lost connection to MySQL server at 'reading initial communication packet', system error: 113
L 11/05/2019 - 18:18:56: [sbpp_main.smx] Verify Ban Query Failed: Lost connection to MySQL server at 'reading initial communication packet', system error: 113
L 11/05/2019 - 18:18:59: [sbpp_main.smx] Verify Ban Query Failed: Lost connection to MySQL server at 'reading initial communication packet', system error: 113
L 11/05/2019 - 18:19:11: [sbpp_main.smx] Verify Ban Query Failed: Lost connection to MySQL server at 'reading initial communication packet', system error: 113
L 11/05/2019 - 18:19:29: [sbpp_main.smx] Verify Ban Query Failed: Lost connection to MySQL server at 'reading initial communication packet', system error: 113
L 11/05/2019 - 18:19:32: [sbpp_main.smx] Verify Ban Query Failed: Lost connection to MySQL server at 'reading initial communication packet', system error: 113
L 11/05/2019 - 18:19:35: [sbpp_main.smx] Verify Ban Query Failed: Lost connection to MySQL server at 'reading initial communication packet', system error: 113
L 11/05/2019 - 18:19:38: [sbpp_main.smx] Verify Ban Query Failed: Lost connection to MySQL server at 'reading initial communication packet', system error: 113
L 11/05/2019 - 18:19:41: [sbpp_main.smx] Verify Ban Query Failed: Lost connection to MySQL server at 'reading initial communication packet', system error: 113
L 11/05/2019 - 18:19:44: [sbpp_main.smx] Verify Ban Query Failed: Lost connection to MySQL server at 'reading initial communication packet', system error: 113
L 11/05/2019 - 18:19:47: [sbpp_main.smx] Verify Ban Query Failed: Lost connection to MySQL server at 'reading initial communication packet', system error: 113
L 11/05/2019 - 18:19:50: [sbpp_main.smx] Verify Ban Query Failed: Lost connection to MySQL server at 'reading initial communication packet', system error: 113
L 11/05/2019 - 18:19:59: [sbpp_main.smx] Verify Ban Query Failed: Lost connection to MySQL server at 'reading initial communication packet', system error: 113
L 11/05/2019 - 18:20:17: [sbpp_main.smx] Verify Ban Query Failed: Lost connection to MySQL server at 'reading initial communication packet', system error: 113
L 11/05/2019 - 18:20:20: [sbpp_main.smx] Verify Ban Query Failed: Lost connection to MySQL server at 'reading initial communication packet', system error: 113
L 11/05/2019 - 18:20:23: [sbpp_main.smx] Verify Ban Query Failed: Lost connection to MySQL server at 'reading initial communication packet', system error: 113
L 11/05/2019 - 18:20:26: [sbpp_main.smx] Verify Ban Query Failed: Lost connection to MySQL server at 'reading initial communication packet', system error: 113
L 11/05/2019 - 18:20:29: [sbpp_main.smx] Verify Ban Query Failed: Lost connection to MySQL server at 'reading initial communication packet', system error: 113
L 11/05/2019 - 18:20:32: [sbpp_main.smx] Verify Ban Query Failed: Lost connection to MySQL server at 'reading initial communication packet', system error: 113
L 11/05/2019 - 18:20:35: [sbpp_main.smx] Verify Ban Query Failed: Lost connection to MySQL server at 'reading initial communication packet', system error: 113
L 11/05/2019 - 18:20:38: [sbpp_main.smx] Verify Ban Query Failed: Lost connection to MySQL server at 'reading initial communication packet', system error: 113
L 11/05/2019 - 18:20:47: [sbpp_main.smx] Verify Ban Query Failed: Lost connection to MySQL server at 'reading initial communication packet', system error: 113
L 11/05/2019 - 18:21:05: [sbpp_main.smx] Verify Ban Query Failed: Lost connection to MySQL server at 'reading initial communication packet', system error: 113
L 11/05/2019 - 18:21:08: [sbpp_main.smx] Verify Ban Query Failed: Lost connection to MySQL server at 'reading initial communication packet', system error: 113
L 11/05/2019 - 18:21:11: [sbpp_main.smx] Verify Ban Query Failed: Lost connection to MySQL server at 'reading initial communication packet', system error: 113
L 11/05/2019 - 18:21:14: [sbpp_main.smx] Verify Ban Query Failed: Lost connection to MySQL server at 'reading initial communication packet', system error: 113
L 11/05/2019 - 18:21:17: [sbpp_main.smx] Verify Ban Query Failed: Lost connection to MySQL server at 'reading initial communication packet', system error: 113
L 11/05/2019 - 18:21:21: [sbpp_main.smx] Verify Ban Query Failed: Lost connection to MySQL server at 'reading initial communication packet', system error: 113
L 11/05/2019 - 18:21:27: [sbpp_main.smx] Verify Ban Query Failed: Lost connection to MySQL server at 'reading initial communication packet', system error: 113
L 11/05/2019 - 18:21:53: [sbpp_main.smx] Verify Ban Query Failed: Lost connection to MySQL server at 'reading initial communication packet', system error: 113
L 11/05/2019 - 18:21:56: [sbpp_main.smx] Verify Ban Query Failed: Lost connection to MySQL server at 'reading initial communication packet', system error: 113
L 11/05/2019 - 18:21:59: [sbpp_main.smx] Verify Ban Query Failed: Lost connection to MySQL server at 'reading initial communication packet', system error: 113
L 11/05/2019 - 18:22:02: [sbpp_main.smx] Verify Ban Query Failed: Lost connection to MySQL server at 'reading initial communication packet', system error: 113
L 11/05/2019 - 18:22:06: [sbpp_main.smx] Verify Ban Query Failed: Lost connection to MySQL server at 'reading initial communication packet', system error: 113
L 11/05/2019 - 18:22:09: [sbpp_main.smx] Verify Ban Query Failed: Lost connection to MySQL server at 'reading initial communication packet', system error: 113
L 11/05/2019 - 18:22:15: [sbpp_main.smx] Verify Ban Query Failed: Lost connection to MySQL server at 'reading initial communication packet', system error: 113
L 11/05/2019 - 18:22:18: [sbpp_main.smx] Verify Ban Query Failed: Lost connection to MySQL server at 'reading initial communication packet', system error: 113
L 11/05/2019 - 18:22:41: [sbpp_main.smx] Verify Ban Query Failed: Lost connection to MySQL server at 'reading initial communication packet', system error: 113
L 11/05/2019 - 18:22:44: [sbpp_main.smx] Verify Ban Query Failed: Lost connection to MySQL server at 'reading initial communication packet', system error: 113
L 11/05/2019 - 18:22:48: [sbpp_main.smx] Verify Ban Query Failed: Lost connection to MySQL server at 'reading initial communication packet', system error: 113
L 11/05/2019 - 18:22:51: [sbpp_main.smx] Verify Ban Query Failed: Lost connection to MySQL server at 'reading initial communication packet', system error: 113
L 11/05/2019 - 18:22:54: [sbpp_main.smx] Verify Ban Query Failed: Lost connection to MySQL server at 'reading initial communication packet', system error: 113
L 11/05/2019 - 18:22:57: [sbpp_main.smx] Verify Ban Query Failed: Lost connection to MySQL server at 'reading initial communication packet', system error: 113
L 11/05/2019 - 18:23:03: [sbpp_main.smx] Verify Ban Query Failed: Lost connection to MySQL server at 'reading initial communication packet', system error: 113
L 11/05/2019 - 18:23:29: [sbpp_main.smx] Verify Ban Query Failed: Lost connection to MySQL server at 'reading initial communication packet', system error: 113
L 11/05/2019 - 18:23:33: [sbpp_main.smx] Verify Ban Query Failed: Lost connection to MySQL server at 'reading initial communication packet', system error: 113
L 11/05/2019 - 18:23:36: [sbpp_main.smx] Verify Ban Query Failed: Lost connection to MySQL server at 'reading initial communication packet', system error: 113
L 11/05/2019 - 18:23:39: [sbpp_main.smx] Verify Ban Query Failed: Lost connection to MySQL server at 'reading initial communication packet', system error: 113
L 11/05/2019 - 18:23:45: [sbpp_main.smx] Verify Ban Query Failed: Lost connection to MySQL server at 'reading initial communication packet', system error: 113
L 11/05/2019 - 18:23:48: [sbpp_main.smx] Verify Ban Query Failed: Lost connection to MySQL server at 'reading initial communication packet', system error: 113
L 11/05/2019 - 18:24:14: [sbpp_main.smx] Failed to retrieve overrides from the database, Lost connection to MySQL server at 'reading initial communication packet', system error: 113
L 11/05/2019 - 18:24:17: [sbpp_main.smx] Verify Ban Query Failed: Lost connection to MySQL server at 'reading initial communication packet', system error: 113
L 11/05/2019 - 18:24:20: [sbpp_main.smx] Verify Ban Query Failed: Lost connection to MySQL server at 'reading initial communication packet', system error: 113
L 11/05/2019 - 18:24:23: [sbpp_main.smx] Verify Ban Query Failed: Lost connection to MySQL server at 'reading initial communication packet', system error: 113
L 11/05/2019 - 18:24:26: [sbpp_main.smx] Verify Ban Query Failed: Lost connection to MySQL server at 'reading initial communication packet', system error: 113
L 11/05/2019 - 18:24:32: [sbpp_main.smx] Failed to retrieve groups from the database, Lost connection to MySQL server at 'reading initial communication packet', system error: 113
L 11/05/2019 - 18:24:39: [sbpp_main.smx] Failed to retrieve admins from the database, Lost connection to MySQL server at 'reading initial communication packet', system error: 113
L 11/05/2019 - 18:25:06: [sbpp_main.smx] Verify Ban Query Failed: Lost connection to MySQL server at 'reading initial communication packet', system error: 113
L 11/05/2019 - 18:25:09: [sbpp_main.smx] Verify Ban Query Failed: Lost connection to MySQL server at 'reading initial communication packet', system error: 113
L 11/05/2019 - 18:25:12: [sbpp_main.smx] Verify Ban Query Failed: Lost connection to MySQL server at 'reading initial communication packet', system error: 113
L 11/05/2019 - 18:25:15: [sbpp_main.smx] Verify Ban Query Failed: Lost connection to MySQL server at 'reading initial communication packet', system error: 113
L 11/05/2019 - 18:25:33: [sbpp_main.smx] Failed to retrieve overrides from the database, Lost connection to MySQL server at 'reading initial communication packet', system error: 113
L 11/05/2019 - 18:25:34: [sbpp_main.smx] Failed to retrieve groups from the database, Lost connection to MySQL server at 'reading initial communication packet', system error: 113
L 11/05/2019 - 18:25:37: [sbpp_main.smx] Verify Ban Query Failed: Lost connection to MySQL server at 'reading initial communication packet', system error: 113
L 11/05/2019 - 18:25:40: [sbpp_main.smx] Verify Ban Query Failed: Lost connection to MySQL server at 'reading initial communication packet', system error: 113
L 11/05/2019 - 18:25:43: [sbpp_main.smx] Verify Ban Query Failed: Lost connection to MySQL server at 'reading initial communication packet', system error: 113
L 11/05/2019 - 18:25:46: [sbpp_main.smx] Verify Ban Query Failed: Lost connection to MySQL server at 'reading initial communication packet', system error: 113
L 11/05/2019 - 18:25:49: [sbpp_main.smx] Failed to retrieve admins from the database, Lost connection to MySQL server at 'reading initial communication packet', system error: 113
L 11/05/2019 - 18:25:58: [sbpp_main.smx] Verify Ban Query Failed: Lost connection to MySQL server at 'reading initial communication packet', system error: 113
L 11/05/2019 - 18:26:01: [sbpp_main.smx] Verify Ban Query Failed: Lost connection to MySQL server at 'reading initial communication packet', system error: 113
L 11/05/2019 - 18:26:20: [sbpp_main.smx] Verify Ban Query Failed: Lost connection to MySQL server at 'reading initial communication packet', system error: 113
L 11/05/2019 - 18:26:26: [sbpp_main.smx] Verify Ban Query Failed: Lost connection to MySQL server at 'reading initial communication packet', system error: 113
L 11/05/2019 - 18:26:29: [sbpp_main.smx] Verify Ban Query Failed: Lost connection to MySQL server at 'reading initial communication packet', system error: 113
L 11/05/2019 - 18:26:32: [sbpp_main.smx] Verify Ban Query Failed: Lost connection to MySQL server at 'reading initial communication packet', system error: 113
L 11/05/2019 - 18:26:35: [sbpp_main.smx] Verify Ban Query Failed: Lost connection to MySQL server at 'reading initial communication packet', system error: 113
L 11/05/2019 - 18:26:48: [sbpp_main.smx] Verify Ban Query Failed: Lost connection to MySQL server at 'reading initial communication packet', system error: 113
L 11/05/2019 - 18:26:51: [sbpp_main.smx] Verify Ban Query Failed: Lost connection to MySQL server at 'reading initial communication packet', system error: 113
L 11/05/2019 - 18:26:54: [sbpp_main.smx] Verify Ban Query Failed: Lost connection to MySQL server at 'reading initial communication packet', system error: 113
L 11/05/2019 - 18:27:12: [sbpp_main.smx] Verify Ban Query Failed: Lost connection to MySQL server at 'reading initial communication packet', system error: 113
L 11/05/2019 - 18:27:15: [sbpp_main.smx] Verify Ban Query Failed: Lost connection to MySQL server at 'reading initial communication packet', system error: 113
L 11/05/2019 - 18:27:18: [sbpp_main.smx] Verify Ban Query Failed: Lost connection to MySQL server at 'reading initial communication packet', system error: 113
L 11/05/2019 - 18:27:21: [sbpp_main.smx] Verify Ban Query Failed: Lost connection to MySQL server at 'reading initial communication packet', system error: 113
L 11/05/2019 - 18:27:24: [sbpp_main.smx] Verify Ban Query Failed: Lost connection to MySQL server at 'reading initial communication packet', system error: 113
L 11/05/2019 - 18:27:40: [sbpp_main.smx] Verify Ban Query Failed: Lost connection to MySQL server at 'reading initial communication packet', system error: 113
L 11/05/2019 - 18:27:43: [sbpp_main.smx] Verify Ban Query Failed: Lost connection to MySQL server at 'reading initial communication packet', system error: 113
L 11/05/2019 - 18:27:46: [sbpp_main.smx] Verify Ban Query Failed: Lost connection to MySQL server at 'reading initial communication packet', system error: 113
L 11/05/2019 - 18:28:01: [sbpp_main.smx] Verify Ban Query Failed: Lost connection to MySQL server at 'reading initial communication packet', system error: 113
L 11/05/2019 - 18:28:04: [sbpp_main.smx] Verify Ban Query Failed: Lost connection to MySQL server at 'reading initial communication packet', system error: 113
L 11/05/2019 - 18:28:07: [sbpp_main.smx] Verify Ban Query Failed: Lost connection to MySQL server at 'reading initial communication packet', system error: 113
L 11/05/2019 - 18:28:11: [sbpp_main.smx] Verify Ban Query Failed: Lost connection to MySQL server at 'reading initial communication packet', system error: 113
L 11/05/2019 - 18:28:14: [sbpp_main.smx] Verify Ban Query Failed: Lost connection to MySQL server at 'reading initial communication packet', system error: 113
L 11/05/2019 - 18:28:28: [sbpp_main.smx] Verify Ban Query Failed: Lost connection to MySQL server at 'reading initial communication packet', system error: 113
L 11/05/2019 - 18:28:31: [sbpp_main.smx] Verify Ban Query Failed: Lost connection to MySQL server at 'reading initial communication packet', system error: 113
L 11/05/2019 - 23:50:37: [sbpp_main.smx] Database failure: [2013]: Lost connection to MySQL server at 'reading initial communication packet', system error: 113. See Docs: https://sbpp.github.io/docs/
L 11/06/2019 - 00:22:59: [sbpp_main.smx] Database failure: [2013]: Lost connection to MySQL server at 'reading initial communication packet', system error: 113. See Docs: https://sbpp.github.io/docs/
